# JRE version: OpenJDK Runtime Environment (8.0_152-b01) (build 1.8.0_152-release-915-b01)
# Java VM: OpenJDK 64-Bit Server VM (25.152-b01 mixed mode windows-amd64 compressed oops)
Heap:
 PSYoungGen      total 85504K, used 3730K [0x00000000e0000000, 0x00000000e5e80000, 0x0000000100000000)
  eden space 74752K, 0% used [0x00000000e0000000,0x00000000e0000000,0x00000000e4900000)
  from space 10752K, 34% used [0x00000000e5380000,0x00000000e5724b18,0x00000000e5e00000)
  to   space 10752K, 0% used [0x00000000e4900000,0x00000000e4900000,0x00000000e5380000)
 ParOldGen       total 46592K, used 15725K [0x00000000a0000000, 0x00000000a2d80000, 0x00000000e0000000)
  object space 46592K, 33% used [0x00000000a0000000,0x00000000a0f5b758,0x00000000a2d80000)
 Metaspace       used 34555K, capacity 35268K, committed 35416K, reserved 1079296K
  class space    used 4708K, capacity 5006K, committed 5120K, reserved 1048576K
GC Heap History (10 events):
Event: 18.962 GC heap after
Heap after GC invocations=7 (full 1):
 PSYoungGen      total 43008K, used 5141K [0x00000000e0000000, 0x00000000e4700000, 0x0000000100000000)
  eden space 31744K, 0% used [0x00000000e0000000,0x00000000e0000000,0x00000000e1f00000)
  from space 11264K, 45% used [0x00000000e2980000,0x00000000e2e854c8,0x00000000e3480000)
  to   space 10752K, 0% used [0x00000000e1f00000,0x00000000e1f00000,0x00000000e2980000)
 ParOldGen       total 46592K, used 9446K [0x00000000a0000000, 0x00000000a2d80000, 0x00000000e0000000)
  object space 46592K, 20% used [0x00000000a0000000,0x00000000a0939b28,0x00000000a2d80000)
 Metaspace       used 25554K, capacity 26038K, committed 26368K, reserved 1071104K
  class space    used 3534K, capacity 3714K, committed 3840K, reserved 1048576K
}
Event: 20.236 GC heap before
{Heap before GC invocations=8 (full 1):
 PSYoungGen      total 43008K, used 36885K [0x00000000e0000000, 0x00000000e4700000, 0x0000000100000000)
  eden space 31744K, 100% used [0x00000000e0000000,0x00000000e1f00000,0x00000000e1f00000)
  from space 11264K, 45% used [0x00000000e2980000,0x00000000e2e854c8,0x00000000e3480000)
  to   space 10752K, 0% used [0x00000000e1f00000,0x00000000e1f00000,0x00000000e2980000)
 ParOldGen       total 46592K, used 9446K [0x00000000a0000000, 0x00000000a2d80000, 0x00000000e0000000)
  object space 46592K, 20% used [0x00000000a0000000,0x00000000a0939b28,0x00000000a2d80000)
 Metaspace       used 28009K, capacity 28626K, committed 28928K, reserved 1075200K
  class space    used 3883K, capacity 4085K, committed 4096K, reserved 1048576K
Event: 20.248 GC heap after
Heap after GC invocations=8 (full 1):
 PSYoungGen      total 42496K, used 7036K [0x00000000e0000000, 0x00000000e4880000, 0x0000000100000000)
  eden space 31744K, 0% used [0x00000000e0000000,0x00000000e0000000,0x00000000e1f00000)
  from space 10752K, 65% used [0x00000000e1f00000,0x00000000e25df0a0,0x00000000e2980000)
  to   space 10752K, 0% used [0x00000000e3e00000,0x00000000e3e00000,0x00000000e4880000)
 ParOldGen       total 46592K, used 9454K [0x00000000a0000000, 0x00000000a2d80000, 0x00000000e0000000)
  object space 46592K, 20% used [0x00000000a0000000,0x00000000a093bb28,0x00000000a2d80000)
 Metaspace       used 28009K, capacity 28626K, committed 28928K, reserved 1075200K
  class space    used 3883K, capacity 4085K, committed 4096K, reserved 1048576K
}
Event: 21.424 GC heap before
{Heap before GC invocations=9 (full 1):
 PSYoungGen      total 42496K, used 38780K [0x00000000e0000000, 0x00000000e4880000, 0x0000000100000000)
  eden space 31744K, 100% used [0x00000000e0000000,0x00000000e1f00000,0x00000000e1f00000)
  from space 10752K, 65% used [0x00000000e1f00000,0x00000000e25df0a0,0x00000000e2980000)
  to   space 10752K, 0% used [0x00000000e3e00000,0x00000000e3e00000,0x00000000e4880000)
 ParOldGen       total 46592K, used 9454K [0x00000000a0000000, 0x00000000a2d80000, 0x00000000e0000000)
  object space 46592K, 20% used [0x00000000a0000000,0x00000000a093bb28,0x00000000a2d80000)
 Metaspace       used 31133K, capacity 31782K, committed 32000K, reserved 1077248K
  class space    used 4304K, capacity 4584K, committed 4608K, reserved 1048576K
Event: 21.435 GC heap after
Heap after GC invocations=9 (full 1):
 PSYoungGen      total 63488K, used 7817K [0x00000000e0000000, 0x00000000e4900000, 0x0000000100000000)
  eden space 52736K, 0% used [0x00000000e0000000,0x00000000e0000000,0x00000000e3380000)
  from space 10752K, 72% used [0x00000000e3e00000,0x00000000e45a2728,0x00000000e4880000)
  to   space 10752K, 0% used [0x00000000e3380000,0x00000000e3380000,0x00000000e3e00000)
 ParOldGen       total 46592K, used 9526K [0x00000000a0000000, 0x00000000a2d80000, 0x00000000e0000000)
  object space 46592K, 20% used [0x00000000a0000000,0x00000000a094db38,0x00000000a2d80000)
 Metaspace       used 31133K, capacity 31782K, committed 32000K, reserved 1077248K
  class space    used 4304K, capacity 4584K, committed 4608K, reserved 1048576K
}
Event: 23.890 GC heap before
{Heap before GC invocations=10 (full 1):
 PSYoungGen      total 63488K, used 60553K [0x00000000e0000000, 0x00000000e4900000, 0x0000000100000000)
  eden space 52736K, 100% used [0x00000000e0000000,0x00000000e3380000,0x00000000e3380000)
  from space 10752K, 72% used [0x00000000e3e00000,0x00000000e45a2728,0x00000000e4880000)
  to   space 10752K, 0% used [0x00000000e3380000,0x00000000e3380000,0x00000000e3e00000)
 ParOldGen       total 46592K, used 9526K [0x00000000a0000000, 0x00000000a2d80000, 0x00000000e0000000)
  object space 46592K, 20% used [0x00000000a0000000,0x00000000a094db38,0x00000000a2d80000)
 Metaspace       used 32042K, capacity 32708K, committed 32896K, reserved 1077248K
  class space    used 4384K, capacity 4657K, committed 4736K, reserved 1048576K
Event: 23.916 GC heap after
Heap after GC invocations=10 (full 1):
 PSYoungGen      total 63488K, used 5058K [0x00000000e0000000, 0x00000000e5e00000, 0x0000000100000000)
  eden space 52736K, 0% used [0x00000000e0000000,0x00000000e0000000,0x00000000e3380000)
  from space 10752K, 47% used [0x00000000e3380000,0x00000000e3870b60,0x00000000e3e00000)
  to   space 10752K, 0% used [0x00000000e5380000,0x00000000e5380000,0x00000000e5e00000)
 ParOldGen       total 46592K, used 12525K [0x00000000a0000000, 0x00000000a2d80000, 0x00000000e0000000)
  object space 46592K, 26% used [0x00000000a0000000,0x00000000a0c3b728,0x00000000a2d80000)
 Metaspace       used 32042K, capacity 32708K, committed 32896K, reserved 1077248K
  class space    used 4384K, capacity 4657K, committed 4736K, reserved 1048576K
}
Event: 25.032 GC heap before
{Heap before GC invocations=11 (full 1):
 PSYoungGen      total 63488K, used 19957K [0x00000000e0000000, 0x00000000e5e00000, 0x0000000100000000)
  eden space 52736K, 28% used [0x00000000e0000000,0x00000000e0e8c9b8,0x00000000e3380000)
  from space 10752K, 47% used [0x00000000e3380000,0x00000000e3870b60,0x00000000e3e00000)
  to   space 10752K, 0% used [0x00000000e5380000,0x00000000e5380000,0x00000000e5e00000)
 ParOldGen       total 46592K, used 12525K [0x00000000a0000000, 0x00000000a2d80000, 0x00000000e0000000)
  object space 46592K, 26% used [0x00000000a0000000,0x00000000a0c3b728,0x00000000a2d80000)
 Metaspace       used 34555K, capacity 35268K, committed 35416K, reserved 1079296K
  class space    used 4708K, capacity 5006K, committed 5120K, reserved 1048576K
Event: 25.046 GC heap after
Heap after GC invocations=11 (full 1):
 PSYoungGen      total 85504K, used 3730K [0x00000000e0000000, 0x00000000e5e80000, 0x0000000100000000)
  eden space 74752K, 0% used [0x00000000e0000000,0x00000000e0000000,0x00000000e4900000)
  from space 10752K, 34% used [0x00000000e5380000,0x00000000e5724b18,0x00000000e5e00000)
  to   space 10752K, 0% used [0x00000000e4900000,0x00000000e4900000,0x00000000e5380000)
 ParOldGen       total 46592K, used 15725K [0x00000000a0000000, 0x00000000a2d80000, 0x00000000e0000000)
  object space 46592K, 33% used [0x00000000a0000000,0x00000000a0f5b758,0x00000000a2d80000)
 Metaspace       used 34555K, capacity 35268K, committed 35416K, reserved 1079296K
  class space    used 4708K, capacity 5006K, committed 5120K, reserved 1048576K
}
Event: 25.046 GC heap before
{Heap before GC invocations=12 (full 2):
 PSYoungGen      total 85504K, used 3730K [0x00000000e0000000, 0x00000000e5e80000, 0x0000000100000000)
  eden space 74752K, 0% used [0x00000000e0000000,0x00000000e0000000,0x00000000e4900000)
  from space 10752K, 34% used [0x00000000e5380000,0x00000000e5724b18,0x00000000e5e00000)
  to   space 10752K, 0% used [0x00000000e4900000,0x00000000e4900000,0x00000000e5380000)
 ParOldGen       total 46592K, used 15725K [0x00000000a0000000, 0x00000000a2d80000, 0x00000000e0000000)
  object space 46592K, 33% used [0x00000000a0000000,0x00000000a0f5b758,0x00000000a2d80000)
 Metaspace       used 34555K, capacity 35268K, committed 35416K, reserved 1079296K
  class space    used 4708K, capacity 5006K, committed 5120K, reserved 1048576K

